Configured with: --prefix=/Library/Developer/CommandLineTools/usr --with-gxx-include-dir=/Library/Developer/CommandLineTools/SDKs/MacOSX10.14.sdk/usr/include/c++/4.2.1
Apple LLVM version 10.0.1 (clang-1001.0.46.4)
Target: x86_64-apple-darwin18.7.0
Thread model: posix
InstalledDir: /Library/Developer/CommandLineTools/usr/bin
Python 3.6.9 (2ad108f17bdb, Apr 07 2020, 02:59:26)
[PyPy 7.3.1 with GCC 4.2.1 Compatible Apple LLVM 11.0.3 (clang-1103.0.32.29)]
go version go1.14.2 darwin/amd64
javac 14.0.1
java version "14.0.1" 2020-04-14
Java(TM) SE Runtime Environment (build 14.0.1+7)
Java HotSpot(TM) 64-Bit Server VM (build 14.0.1+7, mixed mode, sharing)
Mon Jun  8 18:27:09 BST 2020
pythagorean_triples
C

real	0m2.407s
user	0m2.395s
sys	0m0.003s
go

real	0m1.041s
user	0m0.995s
sys	0m0.005s
java

real	0m0.790s
user	0m0.789s
sys	0m0.049s
python

real	0m2.321s
user	0m2.121s
sys	0m0.045s
linear_congruential_gen
C

real	0m7.180s
user	0m7.167s
sys	0m0.006s
go

real	0m2.712s
user	0m2.669s
sys	0m0.010s
java

real	0m2.845s
user	0m2.966s
sys	0m0.061s
python

real	0m2.853s
user	0m2.702s
sys	0m0.046s
xor_shift_gen
C

real	0m20.469s
user	0m20.456s
sys	0m0.006s
go

real	0m6.407s
user	0m6.363s
sys	0m0.015s
java

real	0m6.816s
user	0m6.836s
sys	0m0.041s
python

real	0m12.272s
user	0m12.240s
sys	0m0.025s
fibonacci_twoways
C

real	0m2.422s
user	0m2.418s
sys	0m0.002s
go

real	0m2.528s
user	0m2.494s
sys	0m0.004s
java

real	0m1.724s
user	0m1.713s
sys	0m0.029s
python

real	0m6.665s
user	0m6.600s
sys	0m0.057s
kaprekars_process
C

real	0m0.008s
user	0m0.004s
sys	0m0.002s
go

real	0m0.035s
user	0m0.004s
sys	0m0.003s
java

real	0m0.108s
user	0m0.105s
sys	0m0.033s
python

real	0m0.221s
user	0m0.192s
sys	0m0.026s
naughts_crosses
C

real	0m0.015s
user	0m0.012s
sys	0m0.002s
go

real	0m0.037s
user	0m0.008s
sys	0m0.002s
java

real	0m0.110s
user	0m0.112s
sys	0m0.031s
python

real	0m0.878s
user	0m0.835s
sys	0m0.038s
Mon Jun  8 18:28:38 BST 2020
